{"Error Number": 604, "Time": 1457179868.89048, "Error Message": "The new password is the same as the old password or a collision occured", "Error X-Data": ["089f5fe707e9e1e3668ca3e48eb80f2a22251a980171b9b42ac246631f0b6096e07151f4b90fc2430232ecedfafca6efc3e0c94faa3be357496c09a71ee24df3", "089f5fe707e9e1e3668ca3e48eb80f2a22251a980171b9b42ac246631f0b6096e07151f4b90fc2430232ecedfafca6efc3e0c94faa3be357496c09a71ee24df3"]}
{"Error Number": 604, "Time": 1457179932.900481, "Error Message": "The new password is the same as the old password or a collision occured", "Error X-Data": ["089f5fe707e9e1e3668ca3e48eb80f2a22251a980171b9b42ac246631f0b6096e07151f4b90fc2430232ecedfafca6efc3e0c94faa3be357496c09a71ee24df3", "089f5fe707e9e1e3668ca3e48eb80f2a22251a980171b9b42ac246631f0b6096e07151f4b90fc2430232ecedfafca6efc3e0c94faa3be357496c09a71ee24df3"]}
{"Error Number": 6, "Time": 1457180676.184461, "Error Message": "An invalid accountNum and password combination was provided", "Error X-Data": "0110943822"}
{"Error Number": 4, "Time": 1457180774.198957, "Error Message": "The required arguments were not provided", "Error X-Data": "['session', 'accountNum']"}
{"Error Number": 601, "Time": 1457180774.228661, "Error Message": "An invalid or incorrect username or old password was provided", "Error X-Data": ""}
{"Error Number": 5, "Time": 1457180859.24509, "Error Message": "Either the accountNum or password was blank", "Error X-Data": ""}
{"Error Number": 4, "Time": 1457181000.801788, "Error Message": "The required arguments were not provided", "Error X-Data": "['session', 'accountNum']"}
{"Error Number": 5, "Time": 1457181195.87561, "Error Message": "Either the accountNum or password was blank", "Error X-Data": ""}
{"Error Number": 5, "Time": 1457181200.630755, "Error Message": "Either the accountNum or password was blank", "Error X-Data": ""}
{"Error Number": 5, "Time": 1457181459.596264, "Error Message": "Either the accountNum or password was blank", "Error X-Data": ""}
{"Error Number": 6, "Time": 1457182731.785289, "Error Message": "An invalid accountNum and password combination was provided", "Error X-Data": "0110943822"}
{"Error Number": 6, "Time": 1457182740.696183, "Error Message": "An invalid accountNum and password combination was provided", "Error X-Data": "0110943822"}
{"Error Number": 6, "Time": 1457182747.164256, "Error Message": "An invalid accountNum and password combination was provided", "Error X-Data": "0110943822"}
{"Error Number": 300, "Time": 1457183119.890863, "Error Message": "We did not receive the expected parameters", "Error X-Data": "['dstAccount', 'amount', 'session', 'accountNum', 'payBill']"}
{"Error Number": 302, "Time": 1457183159.446872, "Error Message": "The session identifier provided expired or was invalid", "Error X-Data": "NrRZmcD%Yw5HNx&!*5j^"}
{"Error Number": 302, "Time": 1457183178.33514, "Error Message": "The session identifier provided expired or was invalid", "Error X-Data": "NrRZmcD%Yw5HNx&!*5j^"}
{"Error Number": 302, "Time": 1457183203.828375, "Error Message": "The session identifier provided expired or was invalid", "Error X-Data": "NrRZmcD%Yw5HNx&!*5j^"}
{"Error Number": 302, "Time": 1457183226.260581, "Error Message": "The session identifier provided expired or was invalid", "Error X-Data": "NrRZmcD%Yw5HNx&!*5j^"}
{"Error Number": 302, "Time": 1457183286.338467, "Error Message": "The session identifier provided expired or was invalid", "Error X-Data": "NrRZmcD%Yw5HNx&!*5j^"}
{"Error Number": 309, "Time": 1457183326.045173, "Error Message": "The amount prescribed was not a valid bill amount", "Error X-Data": "500000.0"}
{"Error Number": 311, "Time": 1457184014.369246, "Error Message": "The user has transfered more than 300000 recently", "Error X-Data": "300000.0"}
{"Error Number": 6, "Time": 1457184134.805818, "Error Message": "An invalid accountNum and password combination was provided", "Error X-Data": "110943822"}
{"Error Number": 1002, "Time": 1457184134.878154, "Error Message": "The account number provided could not be found", "Error X-Data": "110943822"}
{"Error Number": 6, "Time": 1457184134.959419, "Error Message": "An invalid accountNum and password combination was provided", "Error X-Data": "244218953"}
{"Error Number": 1002, "Time": 1457184135.03509, "Error Message": "The account number provided could not be found", "Error X-Data": "244218953"}
{"Error Number": 6, "Time": 1457184135.119186, "Error Message": "An invalid accountNum and password combination was provided", "Error X-Data": "347092855"}
{"Error Number": 1002, "Time": 1457184135.192174, "Error Message": "The account number provided could not be found", "Error X-Data": "347092855"}
{"Error Number": 6, "Time": 1457184135.272066, "Error Message": "An invalid accountNum and password combination was provided", "Error X-Data": "489927501"}
{"Error Number": 1002, "Time": 1457184135.355675, "Error Message": "The account number provided could not be found", "Error X-Data": "489927501"}
{"Error Number": 6, "Time": 1457184135.434487, "Error Message": "An invalid accountNum and password combination was provided", "Error X-Data": "521078562"}
{"Error Number": 1002, "Time": 1457184135.505369, "Error Message": "The account number provided could not be found", "Error X-Data": "521078562"}
{"Error Number": 6, "Time": 1457184135.588202, "Error Message": "An invalid accountNum and password combination was provided", "Error X-Data": "619371044"}
{"Error Number": 1002, "Time": 1457184135.660363, "Error Message": "The account number provided could not be found", "Error X-Data": "619371044"}
{"Error Number": 6, "Time": 1457184135.736142, "Error Message": "An invalid accountNum and password combination was provided", "Error X-Data": "719802643"}
{"Error Number": 1002, "Time": 1457184135.807684, "Error Message": "The account number provided could not be found", "Error X-Data": "719802643"}
{"Error Number": 6, "Time": 1457184135.881363, "Error Message": "An invalid accountNum and password combination was provided", "Error X-Data": "847290172"}
{"Error Number": 1002, "Time": 1457184135.953274, "Error Message": "The account number provided could not be found", "Error X-Data": "847290172"}
{"Error Number": 6, "Time": 1457184136.027523, "Error Message": "An invalid accountNum and password combination was provided", "Error X-Data": "920175917"}
{"Error Number": 1002, "Time": 1457184136.097295, "Error Message": "The account number provided could not be found", "Error X-Data": "920175917"}
{"Error Number": 6, "Time": 1457184148.091781, "Error Message": "An invalid accountNum and password combination was provided", "Error X-Data": "110943822"}
{"Error Number": 1002, "Time": 1457184148.161278, "Error Message": "The account number provided could not be found", "Error X-Data": "110943822"}
{"Error Number": 6, "Time": 1457184148.275416, "Error Message": "An invalid accountNum and password combination was provided", "Error X-Data": "244218953"}
{"Error Number": 1002, "Time": 1457184148.35026, "Error Message": "The account number provided could not be found", "Error X-Data": "244218953"}
{"Error Number": 6, "Time": 1457184148.42631, "Error Message": "An invalid accountNum and password combination was provided", "Error X-Data": "347092855"}
{"Error Number": 1002, "Time": 1457184148.499421, "Error Message": "The account number provided could not be found", "Error X-Data": "347092855"}
{"Error Number": 6, "Time": 1457184148.577068, "Error Message": "An invalid accountNum and password combination was provided", "Error X-Data": "489927501"}
{"Error Number": 1002, "Time": 1457184148.660798, "Error Message": "The account number provided could not be found", "Error X-Data": "489927501"}
{"Error Number": 6, "Time": 1457184148.736985, "Error Message": "An invalid accountNum and password combination was provided", "Error X-Data": "521078562"}
{"Error Number": 1002, "Time": 1457184148.80328, "Error Message": "The account number provided could not be found", "Error X-Data": "521078562"}
{"Error Number": 6, "Time": 1457184148.881106, "Error Message": "An invalid accountNum and password combination was provided", "Error X-Data": "619371044"}
{"Error Number": 1002, "Time": 1457184148.954027, "Error Message": "The account number provided could not be found", "Error X-Data": "619371044"}
{"Error Number": 6, "Time": 1457184149.030565, "Error Message": "An invalid accountNum and password combination was provided", "Error X-Data": "719802643"}
{"Error Number": 1002, "Time": 1457184149.103949, "Error Message": "The account number provided could not be found", "Error X-Data": "719802643"}
{"Error Number": 6, "Time": 1457184149.180578, "Error Message": "An invalid accountNum and password combination was provided", "Error X-Data": "847290172"}
{"Error Number": 1002, "Time": 1457184149.254718, "Error Message": "The account number provided could not be found", "Error X-Data": "847290172"}
{"Error Number": 6, "Time": 1457184149.331958, "Error Message": "An invalid accountNum and password combination was provided", "Error X-Data": "920175917"}
{"Error Number": 1002, "Time": 1457184149.407098, "Error Message": "The account number provided could not be found", "Error X-Data": "920175917"}
{"Error Number": 6, "Time": 1457184172.823439, "Error Message": "An invalid accountNum and password combination was provided", "Error X-Data": "110943822"}
{"Error Number": 1002, "Time": 1457184172.882472, "Error Message": "The account number provided could not be found", "Error X-Data": "110943822"}
{"Error Number": 6, "Time": 1457184172.945971, "Error Message": "An invalid accountNum and password combination was provided", "Error X-Data": "244218953"}
{"Error Number": 1002, "Time": 1457184173.004035, "Error Message": "The account number provided could not be found", "Error X-Data": "244218953"}
{"Error Number": 6, "Time": 1457184173.083793, "Error Message": "An invalid accountNum and password combination was provided", "Error X-Data": "347092855"}
{"Error Number": 1002, "Time": 1457184173.15726, "Error Message": "The account number provided could not be found", "Error X-Data": "347092855"}
{"Error Number": 6, "Time": 1457184173.237066, "Error Message": "An invalid accountNum and password combination was provided", "Error X-Data": "489927501"}
{"Error Number": 1002, "Time": 1457184173.306728, "Error Message": "The account number provided could not be found", "Error X-Data": "489927501"}
{"Error Number": 6, "Time": 1457184173.38561, "Error Message": "An invalid accountNum and password combination was provided", "Error X-Data": "521078562"}
{"Error Number": 1002, "Time": 1457184173.45767, "Error Message": "The account number provided could not be found", "Error X-Data": "521078562"}
{"Error Number": 6, "Time": 1457184173.537444, "Error Message": "An invalid accountNum and password combination was provided", "Error X-Data": "619371044"}
{"Error Number": 1002, "Time": 1457184173.608905, "Error Message": "The account number provided could not be found", "Error X-Data": "619371044"}
{"Error Number": 6, "Time": 1457184173.686968, "Error Message": "An invalid accountNum and password combination was provided", "Error X-Data": "719802643"}
{"Error Number": 1002, "Time": 1457184173.784034, "Error Message": "The account number provided could not be found", "Error X-Data": "719802643"}
{"Error Number": 6, "Time": 1457184173.872897, "Error Message": "An invalid accountNum and password combination was provided", "Error X-Data": "847290172"}
{"Error Number": 1002, "Time": 1457184173.958939, "Error Message": "The account number provided could not be found", "Error X-Data": "847290172"}
{"Error Number": 6, "Time": 1457184174.039364, "Error Message": "An invalid accountNum and password combination was provided", "Error X-Data": "920175917"}
{"Error Number": 1002, "Time": 1457184174.113147, "Error Message": "The account number provided could not be found", "Error X-Data": "920175917"}
{"Error Number": 6, "Time": 1457184214.477403, "Error Message": "An invalid accountNum and password combination was provided", "Error X-Data": "110943822"}
{"Error Number": 1002, "Time": 1457184214.541355, "Error Message": "The account number provided could not be found", "Error X-Data": "110943822"}
{"Error Number": 6, "Time": 1457184214.602139, "Error Message": "An invalid accountNum and password combination was provided", "Error X-Data": "244218953"}
{"Error Number": 1002, "Time": 1457184214.677275, "Error Message": "The account number provided could not be found", "Error X-Data": "244218953"}
{"Error Number": 6, "Time": 1457184214.766973, "Error Message": "An invalid accountNum and password combination was provided", "Error X-Data": "347092855"}
{"Error Number": 1002, "Time": 1457184214.849441, "Error Message": "The account number provided could not be found", "Error X-Data": "347092855"}
{"Error Number": 6, "Time": 1457184215.029305, "Error Message": "An invalid accountNum and password combination was provided", "Error X-Data": "489927501"}
{"Error Number": 1002, "Time": 1457184215.104914, "Error Message": "The account number provided could not be found", "Error X-Data": "489927501"}
{"Error Number": 6, "Time": 1457184215.183741, "Error Message": "An invalid accountNum and password combination was provided", "Error X-Data": "521078562"}
{"Error Number": 1002, "Time": 1457184215.260074, "Error Message": "The account number provided could not be found", "Error X-Data": "521078562"}
{"Error Number": 6, "Time": 1457184215.339976, "Error Message": "An invalid accountNum and password combination was provided", "Error X-Data": "619371044"}
{"Error Number": 1002, "Time": 1457184215.429834, "Error Message": "The account number provided could not be found", "Error X-Data": "619371044"}
{"Error Number": 6, "Time": 1457184215.518114, "Error Message": "An invalid accountNum and password combination was provided", "Error X-Data": "719802643"}
{"Error Number": 1002, "Time": 1457184215.605342, "Error Message": "The account number provided could not be found", "Error X-Data": "719802643"}
{"Error Number": 6, "Time": 1457184215.692568, "Error Message": "An invalid accountNum and password combination was provided", "Error X-Data": "847290172"}
{"Error Number": 1002, "Time": 1457184215.766207, "Error Message": "The account number provided could not be found", "Error X-Data": "847290172"}
{"Error Number": 6, "Time": 1457184215.96836, "Error Message": "An invalid accountNum and password combination was provided", "Error X-Data": "920175917"}
{"Error Number": 1002, "Time": 1457184216.041314, "Error Message": "The account number provided could not be found", "Error X-Data": "920175917"}
{"Error Number": 6, "Time": 1457184284.291678, "Error Message": "An invalid accountNum and password combination was provided", "Error X-Data": "110943822"}
{"Error Number": 1002, "Time": 1457184284.352199, "Error Message": "The account number provided could not be found", "Error X-Data": "110943822"}
{"Error Number": 6, "Time": 1457184284.413042, "Error Message": "An invalid accountNum and password combination was provided", "Error X-Data": "244218953"}
{"Error Number": 1002, "Time": 1457184284.480384, "Error Message": "The account number provided could not be found", "Error X-Data": "244218953"}
{"Error Number": 6, "Time": 1457184284.555983, "Error Message": "An invalid accountNum and password combination was provided", "Error X-Data": "347092855"}
{"Error Number": 1002, "Time": 1457184284.628548, "Error Message": "The account number provided could not be found", "Error X-Data": "347092855"}
{"Error Number": 6, "Time": 1457184284.722601, "Error Message": "An invalid accountNum and password combination was provided", "Error X-Data": "489927501"}
{"Error Number": 1002, "Time": 1457184284.796429, "Error Message": "The account number provided could not be found", "Error X-Data": "489927501"}
{"Error Number": 6, "Time": 1457184284.876369, "Error Message": "An invalid accountNum and password combination was provided", "Error X-Data": "521078562"}
{"Error Number": 1002, "Time": 1457184284.990229, "Error Message": "The account number provided could not be found", "Error X-Data": "521078562"}
{"Error Number": 6, "Time": 1457184285.087141, "Error Message": "An invalid accountNum and password combination was provided", "Error X-Data": "619371044"}
{"Error Number": 1002, "Time": 1457184285.156531, "Error Message": "The account number provided could not be found", "Error X-Data": "619371044"}
{"Error Number": 6, "Time": 1457184285.216377, "Error Message": "An invalid accountNum and password combination was provided", "Error X-Data": "719802643"}
{"Error Number": 1002, "Time": 1457184285.275761, "Error Message": "The account number provided could not be found", "Error X-Data": "719802643"}
{"Error Number": 6, "Time": 1457184285.347615, "Error Message": "An invalid accountNum and password combination was provided", "Error X-Data": "847290172"}
{"Error Number": 1002, "Time": 1457184285.415771, "Error Message": "The account number provided could not be found", "Error X-Data": "847290172"}
{"Error Number": 6, "Time": 1457184285.497679, "Error Message": "An invalid accountNum and password combination was provided", "Error X-Data": "920175917"}
{"Error Number": 1002, "Time": 1457184285.592601, "Error Message": "The account number provided could not be found", "Error X-Data": "920175917"}
{"Error Number": 311, "Time": 1457184296.665487, "Error Message": "The user has transfered more than 300001 recently", "Error X-Data": "600000.0"}
{"Error Number": 8, "Time": 1457184324.262261, "Error Message": "The session was not added properly, check MySQL", "Error X-Data": ""}
{"Error Number": 6, "Time": 1457184329.926424, "Error Message": "An invalid accountNum and password combination was provided", "Error X-Data": "110943822"}
{"Error Number": 1002, "Time": 1457184329.985459, "Error Message": "The account number provided could not be found", "Error X-Data": "110943822"}
{"Error Number": 6, "Time": 1457184330.062693, "Error Message": "An invalid accountNum and password combination was provided", "Error X-Data": "244218953"}
{"Error Number": 1002, "Time": 1457184330.134463, "Error Message": "The account number provided could not be found", "Error X-Data": "244218953"}
{"Error Number": 6, "Time": 1457184330.215321, "Error Message": "An invalid accountNum and password combination was provided", "Error X-Data": "347092855"}
{"Error Number": 1002, "Time": 1457184330.293349, "Error Message": "The account number provided could not be found", "Error X-Data": "347092855"}
{"Error Number": 6, "Time": 1457184330.388453, "Error Message": "An invalid accountNum and password combination was provided", "Error X-Data": "489927501"}
{"Error Number": 1002, "Time": 1457184330.462622, "Error Message": "The account number provided could not be found", "Error X-Data": "489927501"}
{"Error Number": 6, "Time": 1457184330.573098, "Error Message": "An invalid accountNum and password combination was provided", "Error X-Data": "521078562"}
{"Error Number": 1002, "Time": 1457184330.656087, "Error Message": "The account number provided could not be found", "Error X-Data": "521078562"}
{"Error Number": 6, "Time": 1457184330.737254, "Error Message": "An invalid accountNum and password combination was provided", "Error X-Data": "619371044"}
{"Error Number": 1002, "Time": 1457184330.814519, "Error Message": "The account number provided could not be found", "Error X-Data": "619371044"}
{"Error Number": 6, "Time": 1457184330.90306, "Error Message": "An invalid accountNum and password combination was provided", "Error X-Data": "719802643"}
{"Error Number": 1002, "Time": 1457184330.977901, "Error Message": "The account number provided could not be found", "Error X-Data": "719802643"}
{"Error Number": 6, "Time": 1457184331.061679, "Error Message": "An invalid accountNum and password combination was provided", "Error X-Data": "847290172"}
{"Error Number": 1002, "Time": 1457184331.136477, "Error Message": "The account number provided could not be found", "Error X-Data": "847290172"}
{"Error Number": 6, "Time": 1457184331.233358, "Error Message": "An invalid accountNum and password combination was provided", "Error X-Data": "920175917"}
{"Error Number": 1002, "Time": 1457184331.311064, "Error Message": "The account number provided could not be found", "Error X-Data": "920175917"}
{"Error Number": 6, "Time": 1457184469.601179, "Error Message": "An invalid accountNum and password combination was provided", "Error X-Data": "24648422"}
{"Error Number": 1002, "Time": 1457184469.666607, "Error Message": "The account number provided could not be found", "Error X-Data": "110943822"}
{"Error Number": 6, "Time": 1457184469.753577, "Error Message": "An invalid accountNum and password combination was provided", "Error X-Data": "24648422"}
{"Error Number": 1002, "Time": 1457184469.841017, "Error Message": "The account number provided could not be found", "Error X-Data": "244218953"}
{"Error Number": 6, "Time": 1457184469.927421, "Error Message": "An invalid accountNum and password combination was provided", "Error X-Data": "24648422"}
{"Error Number": 1002, "Time": 1457184470.012364, "Error Message": "The account number provided could not be found", "Error X-Data": "347092855"}
{"Error Number": 6, "Time": 1457184470.101409, "Error Message": "An invalid accountNum and password combination was provided", "Error X-Data": "24648422"}
{"Error Number": 1002, "Time": 1457184470.17692, "Error Message": "The account number provided could not be found", "Error X-Data": "489927501"}
{"Error Number": 6, "Time": 1457184470.274125, "Error Message": "An invalid accountNum and password combination was provided", "Error X-Data": "24648422"}
{"Error Number": 1002, "Time": 1457184470.352711, "Error Message": "The account number provided could not be found", "Error X-Data": "521078562"}
{"Error Number": 6, "Time": 1457184470.445152, "Error Message": "An invalid accountNum and password combination was provided", "Error X-Data": "24648422"}
{"Error Number": 1002, "Time": 1457184470.521497, "Error Message": "The account number provided could not be found", "Error X-Data": "619371044"}
{"Error Number": 6, "Time": 1457184470.620722, "Error Message": "An invalid accountNum and password combination was provided", "Error X-Data": "24648422"}
{"Error Number": 1002, "Time": 1457184470.697261, "Error Message": "The account number provided could not be found", "Error X-Data": "719802643"}
{"Error Number": 6, "Time": 1457184470.780956, "Error Message": "An invalid accountNum and password combination was provided", "Error X-Data": "24648422"}
{"Error Number": 1002, "Time": 1457184470.854723, "Error Message": "The account number provided could not be found", "Error X-Data": "847290172"}
{"Error Number": 6, "Time": 1457184470.941928, "Error Message": "An invalid accountNum and password combination was provided", "Error X-Data": "24648422"}
{"Error Number": 1002, "Time": 1457184471.1386, "Error Message": "The account number provided could not be found", "Error X-Data": "920175917"}
{"Error Number": 6, "Time": 1457184471.25202, "Error Message": "An invalid accountNum and password combination was provided", "Error X-Data": "24648422"}
{"Error Number": 1003, "Time": 1457184471.361461, "Error Message": "The session identifier provided expired or was invalid", "Error X-Data": ""}
{"Error Number": 6, "Time": 1457184471.446353, "Error Message": "An invalid accountNum and password combination was provided", "Error X-Data": "24648422"}
{"Error Number": 1003, "Time": 1457184471.523909, "Error Message": "The session identifier provided expired or was invalid", "Error X-Data": ""}
{"Error Number": 6, "Time": 1457184514.400036, "Error Message": "An invalid accountNum and password combination was provided", "Error X-Data": "24648422"}
{"Error Number": 1002, "Time": 1457184514.461652, "Error Message": "The account number provided could not be found", "Error X-Data": "110943822"}
{"Error Number": 6, "Time": 1457184514.53695, "Error Message": "An invalid accountNum and password combination was provided", "Error X-Data": "24648422"}
{"Error Number": 1002, "Time": 1457184514.605621, "Error Message": "The account number provided could not be found", "Error X-Data": "244218953"}
{"Error Number": 6, "Time": 1457184514.690971, "Error Message": "An invalid accountNum and password combination was provided", "Error X-Data": "24648422"}
{"Error Number": 1002, "Time": 1457184514.769174, "Error Message": "The account number provided could not be found", "Error X-Data": "347092855"}
{"Error Number": 6, "Time": 1457184514.857644, "Error Message": "An invalid accountNum and password combination was provided", "Error X-Data": "24648422"}
{"Error Number": 1002, "Time": 1457184514.951157, "Error Message": "The account number provided could not be found", "Error X-Data": "489927501"}
{"Error Number": 6, "Time": 1457184515.039782, "Error Message": "An invalid accountNum and password combination was provided", "Error X-Data": "24648422"}
{"Error Number": 1002, "Time": 1457184515.119404, "Error Message": "The account number provided could not be found", "Error X-Data": "521078562"}
{"Error Number": 6, "Time": 1457184515.200561, "Error Message": "An invalid accountNum and password combination was provided", "Error X-Data": "24648422"}
{"Error Number": 1002, "Time": 1457184515.275238, "Error Message": "The account number provided could not be found", "Error X-Data": "619371044"}
{"Error Number": 6, "Time": 1457184515.365246, "Error Message": "An invalid accountNum and password combination was provided", "Error X-Data": "24648422"}
{"Error Number": 1002, "Time": 1457184515.446645, "Error Message": "The account number provided could not be found", "Error X-Data": "719802643"}
{"Error Number": 6, "Time": 1457184515.531226, "Error Message": "An invalid accountNum and password combination was provided", "Error X-Data": "24648422"}
{"Error Number": 1002, "Time": 1457184515.617886, "Error Message": "The account number provided could not be found", "Error X-Data": "847290172"}
{"Error Number": 6, "Time": 1457184515.701859, "Error Message": "An invalid accountNum and password combination was provided", "Error X-Data": "24648422"}
{"Error Number": 1002, "Time": 1457184515.778583, "Error Message": "The account number provided could not be found", "Error X-Data": "920175917"}
{"Error Number": 6, "Time": 1457184515.904138, "Error Message": "An invalid accountNum and password combination was provided", "Error X-Data": "24648422"}
{"Error Number": 1003, "Time": 1457184515.987626, "Error Message": "The session identifier provided expired or was invalid", "Error X-Data": ""}
{"Error Number": 6, "Time": 1457184516.071586, "Error Message": "An invalid accountNum and password combination was provided", "Error X-Data": "24648422"}
{"Error Number": 1003, "Time": 1457184516.150861, "Error Message": "The session identifier provided expired or was invalid", "Error X-Data": ""}
{"Error Number": 6, "Time": 1457184564.320262, "Error Message": "An invalid accountNum and password combination was provided", "Error X-Data": "24648422"}
{"Error Number": 1002, "Time": 1457184564.388942, "Error Message": "The account number provided could not be found", "Error X-Data": "110943822"}
{"Error Number": 6, "Time": 1457184564.451077, "Error Message": "An invalid accountNum and password combination was provided", "Error X-Data": "24648422"}
{"Error Number": 1002, "Time": 1457184564.568336, "Error Message": "The account number provided could not be found", "Error X-Data": "244218953"}
{"Error Number": 6, "Time": 1457184564.646338, "Error Message": "An invalid accountNum and password combination was provided", "Error X-Data": "24648422"}
{"Error Number": 1002, "Time": 1457184564.72515, "Error Message": "The account number provided could not be found", "Error X-Data": "347092855"}
{"Error Number": 6, "Time": 1457184564.841324, "Error Message": "An invalid accountNum and password combination was provided", "Error X-Data": "24648422"}
{"Error Number": 1002, "Time": 1457184564.919383, "Error Message": "The account number provided could not be found", "Error X-Data": "489927501"}
{"Error Number": 6, "Time": 1457184565.024153, "Error Message": "An invalid accountNum and password combination was provided", "Error X-Data": "24648422"}
{"Error Number": 1002, "Time": 1457184565.103937, "Error Message": "The account number provided could not be found", "Error X-Data": "521078562"}
{"Error Number": 6, "Time": 1457184565.18692, "Error Message": "An invalid accountNum and password combination was provided", "Error X-Data": "24648422"}
{"Error Number": 1002, "Time": 1457184565.26569, "Error Message": "The account number provided could not be found", "Error X-Data": "619371044"}
{"Error Number": 6, "Time": 1457184565.345417, "Error Message": "An invalid accountNum and password combination was provided", "Error X-Data": "24648422"}
{"Error Number": 1002, "Time": 1457184565.423729, "Error Message": "The account number provided could not be found", "Error X-Data": "719802643"}
{"Error Number": 6, "Time": 1457184565.504193, "Error Message": "An invalid accountNum and password combination was provided", "Error X-Data": "24648422"}
{"Error Number": 1002, "Time": 1457184565.581829, "Error Message": "The account number provided could not be found", "Error X-Data": "847290172"}
{"Error Number": 6, "Time": 1457184565.673286, "Error Message": "An invalid accountNum and password combination was provided", "Error X-Data": "24648422"}
{"Error Number": 1002, "Time": 1457184565.755502, "Error Message": "The account number provided could not be found", "Error X-Data": "920175917"}
{"Error Number": 6, "Time": 1457184565.840129, "Error Message": "An invalid accountNum and password combination was provided", "Error X-Data": "24648422"}
{"Error Number": 1003, "Time": 1457184565.928112, "Error Message": "The session identifier provided expired or was invalid", "Error X-Data": ""}
{"Error Number": 6, "Time": 1457184566.010771, "Error Message": "An invalid accountNum and password combination was provided", "Error X-Data": "24648422"}
{"Error Number": 1003, "Time": 1457184566.101641, "Error Message": "The session identifier provided expired or was invalid", "Error X-Data": ""}
{"Error Number": 6, "Time": 1457184596.414734, "Error Message": "An invalid accountNum and password combination was provided", "Error X-Data": "24648422"}
{"Error Number": 1002, "Time": 1457184596.475265, "Error Message": "The account number provided could not be found", "Error X-Data": "110943822"}
{"Error Number": 6, "Time": 1457184596.545074, "Error Message": "An invalid accountNum and password combination was provided", "Error X-Data": "24648422"}
{"Error Number": 1002, "Time": 1457184596.617152, "Error Message": "The account number provided could not be found", "Error X-Data": "244218953"}
{"Error Number": 6, "Time": 1457184596.707509, "Error Message": "An invalid accountNum and password combination was provided", "Error X-Data": "24648422"}
{"Error Number": 1002, "Time": 1457184596.785296, "Error Message": "The account number provided could not be found", "Error X-Data": "347092855"}
{"Error Number": 6, "Time": 1457184596.866338, "Error Message": "An invalid accountNum and password combination was provided", "Error X-Data": "24648422"}
{"Error Number": 1002, "Time": 1457184596.944369, "Error Message": "The account number provided could not be found", "Error X-Data": "489927501"}
{"Error Number": 6, "Time": 1457184597.026296, "Error Message": "An invalid accountNum and password combination was provided", "Error X-Data": "24648422"}
{"Error Number": 1002, "Time": 1457184597.099065, "Error Message": "The account number provided could not be found", "Error X-Data": "521078562"}
{"Error Number": 6, "Time": 1457184597.188528, "Error Message": "An invalid accountNum and password combination was provided", "Error X-Data": "24648422"}
{"Error Number": 1002, "Time": 1457184597.262229, "Error Message": "The account number provided could not be found", "Error X-Data": "619371044"}
{"Error Number": 6, "Time": 1457184597.331781, "Error Message": "An invalid accountNum and password combination was provided", "Error X-Data": "24648422"}
{"Error Number": 1002, "Time": 1457184597.404286, "Error Message": "The account number provided could not be found", "Error X-Data": "719802643"}
{"Error Number": 6, "Time": 1457184597.488112, "Error Message": "An invalid accountNum and password combination was provided", "Error X-Data": "24648422"}
{"Error Number": 1002, "Time": 1457184597.584245, "Error Message": "The account number provided could not be found", "Error X-Data": "847290172"}
{"Error Number": 6, "Time": 1457184597.695814, "Error Message": "An invalid accountNum and password combination was provided", "Error X-Data": "24648422"}
{"Error Number": 1002, "Time": 1457184597.779255, "Error Message": "The account number provided could not be found", "Error X-Data": "920175917"}
{"Error Number": 6, "Time": 1457184597.859248, "Error Message": "An invalid accountNum and password combination was provided", "Error X-Data": "24648422"}
{"Error Number": 1003, "Time": 1457184597.979454, "Error Message": "The session identifier provided expired or was invalid", "Error X-Data": ""}
{"Error Number": 6, "Time": 1457184598.057314, "Error Message": "An invalid accountNum and password combination was provided", "Error X-Data": "24648422"}
{"Error Number": 1003, "Time": 1457184598.138531, "Error Message": "The session identifier provided expired or was invalid", "Error X-Data": ""}
{"Error Number": 6, "Time": 1457184617.141109, "Error Message": "An invalid accountNum and password combination was provided", "Error X-Data": "24648422"}
{"Error Number": 1002, "Time": 1457184617.207763, "Error Message": "The account number provided could not be found", "Error X-Data": "110943822"}
{"Error Number": 6, "Time": 1457184617.276723, "Error Message": "An invalid accountNum and password combination was provided", "Error X-Data": "24648422"}
{"Error Number": 1002, "Time": 1457184617.348615, "Error Message": "The account number provided could not be found", "Error X-Data": "244218953"}
{"Error Number": 6, "Time": 1457184617.429434, "Error Message": "An invalid accountNum and password combination was provided", "Error X-Data": "24648422"}
{"Error Number": 1002, "Time": 1457184617.516801, "Error Message": "The account number provided could not be found", "Error X-Data": "347092855"}
{"Error Number": 6, "Time": 1457184617.596533, "Error Message": "An invalid accountNum and password combination was provided", "Error X-Data": "24648422"}
{"Error Number": 1002, "Time": 1457184617.671262, "Error Message": "The account number provided could not be found", "Error X-Data": "489927501"}
{"Error Number": 6, "Time": 1457184617.768828, "Error Message": "An invalid accountNum and password combination was provided", "Error X-Data": "24648422"}
{"Error Number": 1002, "Time": 1457184617.850814, "Error Message": "The account number provided could not be found", "Error X-Data": "521078562"}
{"Error Number": 6, "Time": 1457184617.928197, "Error Message": "An invalid accountNum and password combination was provided", "Error X-Data": "24648422"}
{"Error Number": 1002, "Time": 1457184618.0238, "Error Message": "The account number provided could not be found", "Error X-Data": "619371044"}
{"Error Number": 6, "Time": 1457184618.145724, "Error Message": "An invalid accountNum and password combination was provided", "Error X-Data": "24648422"}
{"Error Number": 1002, "Time": 1457184618.228625, "Error Message": "The account number provided could not be found", "Error X-Data": "719802643"}
{"Error Number": 6, "Time": 1457184618.308549, "Error Message": "An invalid accountNum and password combination was provided", "Error X-Data": "24648422"}
{"Error Number": 1002, "Time": 1457184618.383861, "Error Message": "The account number provided could not be found", "Error X-Data": "847290172"}
{"Error Number": 6, "Time": 1457184618.47154, "Error Message": "An invalid accountNum and password combination was provided", "Error X-Data": "24648422"}
{"Error Number": 1002, "Time": 1457184618.545562, "Error Message": "The account number provided could not be found", "Error X-Data": "920175917"}
{"Error Number": 6, "Time": 1457184618.625515, "Error Message": "An invalid accountNum and password combination was provided", "Error X-Data": "24648422"}
{"Error Number": 1003, "Time": 1457184618.706341, "Error Message": "The session identifier provided expired or was invalid", "Error X-Data": ""}
{"Error Number": 6, "Time": 1457184618.787287, "Error Message": "An invalid accountNum and password combination was provided", "Error X-Data": "24648422"}
{"Error Number": 1003, "Time": 1457184618.867385, "Error Message": "The session identifier provided expired or was invalid", "Error X-Data": ""}
{"Error Number": 6, "Time": 1457184646.725271, "Error Message": "An invalid accountNum and password combination was provided", "Error X-Data": "24648422"}
{"Error Number": 1002, "Time": 1457184646.781998, "Error Message": "The account number provided could not be found", "Error X-Data": "110943822"}
{"Error Number": 6, "Time": 1457184646.849932, "Error Message": "An invalid accountNum and password combination was provided", "Error X-Data": "24648422"}
{"Error Number": 1002, "Time": 1457184646.908428, "Error Message": "The account number provided could not be found", "Error X-Data": "244218953"}
{"Error Number": 6, "Time": 1457184646.970055, "Error Message": "An invalid accountNum and password combination was provided", "Error X-Data": "24648422"}
{"Error Number": 1002, "Time": 1457184647.027693, "Error Message": "The account number provided could not be found", "Error X-Data": "347092855"}
{"Error Number": 6, "Time": 1457184647.090473, "Error Message": "An invalid accountNum and password combination was provided", "Error X-Data": "24648422"}
{"Error Number": 1002, "Time": 1457184647.151657, "Error Message": "The account number provided could not be found", "Error X-Data": "489927501"}
{"Error Number": 6, "Time": 1457184647.215721, "Error Message": "An invalid accountNum and password combination was provided", "Error X-Data": "24648422"}
{"Error Number": 1002, "Time": 1457184647.290584, "Error Message": "The account number provided could not be found", "Error X-Data": "521078562"}
{"Error Number": 6, "Time": 1457184647.350352, "Error Message": "An invalid accountNum and password combination was provided", "Error X-Data": "24648422"}
{"Error Number": 1002, "Time": 1457184647.410574, "Error Message": "The account number provided could not be found", "Error X-Data": "619371044"}
{"Error Number": 6, "Time": 1457184647.476408, "Error Message": "An invalid accountNum and password combination was provided", "Error X-Data": "24648422"}
{"Error Number": 1002, "Time": 1457184647.533662, "Error Message": "The account number provided could not be found", "Error X-Data": "719802643"}
{"Error Number": 6, "Time": 1457184647.593847, "Error Message": "An invalid accountNum and password combination was provided", "Error X-Data": "24648422"}
{"Error Number": 1002, "Time": 1457184647.651908, "Error Message": "The account number provided could not be found", "Error X-Data": "847290172"}
{"Error Number": 6, "Time": 1457184647.711908, "Error Message": "An invalid accountNum and password combination was provided", "Error X-Data": "24648422"}
{"Error Number": 1002, "Time": 1457184647.771734, "Error Message": "The account number provided could not be found", "Error X-Data": "920175917"}
{"Error Number": 6, "Time": 1457184647.836927, "Error Message": "An invalid accountNum and password combination was provided", "Error X-Data": "24648422"}
{"Error Number": 1003, "Time": 1457184647.901366, "Error Message": "The session identifier provided expired or was invalid", "Error X-Data": ""}
{"Error Number": 6, "Time": 1457184647.960829, "Error Message": "An invalid accountNum and password combination was provided", "Error X-Data": "24648422"}
{"Error Number": 1003, "Time": 1457184648.026652, "Error Message": "The session identifier provided expired or was invalid", "Error X-Data": ""}
{"Error Number": 6, "Time": 1457184651.235482, "Error Message": "An invalid accountNum and password combination was provided", "Error X-Data": "24648422"}
{"Error Number": 1002, "Time": 1457184651.298088, "Error Message": "The account number provided could not be found", "Error X-Data": "110943822"}
{"Error Number": 6, "Time": 1457184651.379181, "Error Message": "An invalid accountNum and password combination was provided", "Error X-Data": "24648422"}
{"Error Number": 1002, "Time": 1457184651.439143, "Error Message": "The account number provided could not be found", "Error X-Data": "244218953"}
{"Error Number": 6, "Time": 1457184651.501334, "Error Message": "An invalid accountNum and password combination was provided", "Error X-Data": "24648422"}
{"Error Number": 1002, "Time": 1457184651.562463, "Error Message": "The account number provided could not be found", "Error X-Data": "347092855"}
{"Error Number": 6, "Time": 1457184651.628277, "Error Message": "An invalid accountNum and password combination was provided", "Error X-Data": "24648422"}
{"Error Number": 1002, "Time": 1457184651.690258, "Error Message": "The account number provided could not be found", "Error X-Data": "489927501"}
{"Error Number": 6, "Time": 1457184651.757098, "Error Message": "An invalid accountNum and password combination was provided", "Error X-Data": "24648422"}
{"Error Number": 1002, "Time": 1457184651.818507, "Error Message": "The account number provided could not be found", "Error X-Data": "521078562"}
{"Error Number": 6, "Time": 1457184651.902905, "Error Message": "An invalid accountNum and password combination was provided", "Error X-Data": "24648422"}
{"Error Number": 1002, "Time": 1457184651.977797, "Error Message": "The account number provided could not be found", "Error X-Data": "619371044"}
{"Error Number": 6, "Time": 1457184652.061786, "Error Message": "An invalid accountNum and password combination was provided", "Error X-Data": "24648422"}
{"Error Number": 1002, "Time": 1457184652.136543, "Error Message": "The account number provided could not be found", "Error X-Data": "719802643"}
{"Error Number": 6, "Time": 1457184652.2309, "Error Message": "An invalid accountNum and password combination was provided", "Error X-Data": "24648422"}
{"Error Number": 1002, "Time": 1457184652.305946, "Error Message": "The account number provided could not be found", "Error X-Data": "847290172"}
{"Error Number": 5, "Time": 1457184664.077413, "Error Message": "Either the accountNum or password was blank", "Error X-Data": ""}
{"Error Number": 6, "Time": 1457184697.17769, "Error Message": "An invalid accountNum and password combination was provided", "Error X-Data": "$white.acctnum"}
{"Error Number": 1002, "Time": 1457184697.236357, "Error Message": "The account number provided could not be found", "Error X-Data": "110943822"}
{"Error Number": 6, "Time": 1457184697.296855, "Error Message": "An invalid accountNum and password combination was provided", "Error X-Data": "$white.acctnum"}
{"Error Number": 1002, "Time": 1457184697.368962, "Error Message": "The account number provided could not be found", "Error X-Data": "244218953"}
{"Error Number": 6, "Time": 1457184697.47128, "Error Message": "An invalid accountNum and password combination was provided", "Error X-Data": "$white.acctnum"}
{"Error Number": 1002, "Time": 1457184697.537453, "Error Message": "The account number provided could not be found", "Error X-Data": "347092855"}
{"Error Number": 6, "Time": 1457184697.621193, "Error Message": "An invalid accountNum and password combination was provided", "Error X-Data": "$white.acctnum"}
{"Error Number": 1002, "Time": 1457184697.698016, "Error Message": "The account number provided could not be found", "Error X-Data": "489927501"}
{"Error Number": 6, "Time": 1457184697.793701, "Error Message": "An invalid accountNum and password combination was provided", "Error X-Data": "$white.acctnum"}
{"Error Number": 1002, "Time": 1457184697.868209, "Error Message": "The account number provided could not be found", "Error X-Data": "521078562"}
{"Error Number": 6, "Time": 1457184697.978427, "Error Message": "An invalid accountNum and password combination was provided", "Error X-Data": "$white.acctnum"}
{"Error Number": 1002, "Time": 1457184698.046935, "Error Message": "The account number provided could not be found", "Error X-Data": "619371044"}
{"Error Number": 6, "Time": 1457184698.114612, "Error Message": "An invalid accountNum and password combination was provided", "Error X-Data": "$white.acctnum"}
{"Error Number": 1002, "Time": 1457184698.179319, "Error Message": "The account number provided could not be found", "Error X-Data": "719802643"}
{"Error Number": 6, "Time": 1457184698.264055, "Error Message": "An invalid accountNum and password combination was provided", "Error X-Data": "$white.acctnum"}
{"Error Number": 1002, "Time": 1457184698.339914, "Error Message": "The account number provided could not be found", "Error X-Data": "847290172"}
{"Error Number": 6, "Time": 1457184698.458757, "Error Message": "An invalid accountNum and password combination was provided", "Error X-Data": "$white.acctnum"}
{"Error Number": 1002, "Time": 1457184698.531671, "Error Message": "The account number provided could not be found", "Error X-Data": "920175917"}
{"Error Number": 6, "Time": 1457184698.582484, "Error Message": "An invalid accountNum and password combination was provided", "Error X-Data": "$white.acctnum"}
{"Error Number": 5, "Time": 1457184728.929773, "Error Message": "Either the accountNum or password was blank", "Error X-Data": ""}
{"Error Number": 6, "Time": 1457184751.522036, "Error Message": "An invalid accountNum and password combination was provided", "Error X-Data": "24648422"}
{"Error Number": 1002, "Time": 1457184751.581954, "Error Message": "The account number provided could not be found", "Error X-Data": "110943822"}
{"Error Number": 6, "Time": 1457184751.66066, "Error Message": "An invalid accountNum and password combination was provided", "Error X-Data": "24648422"}
{"Error Number": 1002, "Time": 1457184751.735768, "Error Message": "The account number provided could not be found", "Error X-Data": "244218953"}
{"Error Number": 6, "Time": 1457184751.845092, "Error Message": "An invalid accountNum and password combination was provided", "Error X-Data": "24648422"}
{"Error Number": 1002, "Time": 1457184751.912295, "Error Message": "The account number provided could not be found", "Error X-Data": "347092855"}
{"Error Number": 6, "Time": 1457184751.985345, "Error Message": "An invalid accountNum and password combination was provided", "Error X-Data": "24648422"}
{"Error Number": 1002, "Time": 1457184752.053306, "Error Message": "The account number provided could not be found", "Error X-Data": "489927501"}
{"Error Number": 6, "Time": 1457184752.131764, "Error Message": "An invalid accountNum and password combination was provided", "Error X-Data": "24648422"}
{"Error Number": 1002, "Time": 1457184752.197207, "Error Message": "The account number provided could not be found", "Error X-Data": "521078562"}
{"Error Number": 6, "Time": 1457184752.313082, "Error Message": "An invalid accountNum and password combination was provided", "Error X-Data": "24648422"}
{"Error Number": 1002, "Time": 1457184752.388403, "Error Message": "The account number provided could not be found", "Error X-Data": "619371044"}
{"Error Number": 6, "Time": 1457184752.474236, "Error Message": "An invalid accountNum and password combination was provided", "Error X-Data": "24648422"}
{"Error Number": 1002, "Time": 1457184752.560385, "Error Message": "The account number provided could not be found", "Error X-Data": "719802643"}
{"Error Number": 6, "Time": 1457184752.681748, "Error Message": "An invalid accountNum and password combination was provided", "Error X-Data": "24648422"}
{"Error Number": 1002, "Time": 1457184752.758788, "Error Message": "The account number provided could not be found", "Error X-Data": "847290172"}
{"Error Number": 6, "Time": 1457184752.871723, "Error Message": "An invalid accountNum and password combination was provided", "Error X-Data": "24648422"}
{"Error Number": 1002, "Time": 1457184752.948851, "Error Message": "The account number provided could not be found", "Error X-Data": "920175917"}
{"Error Number": 5, "Time": 1457184779.635854, "Error Message": "Either the accountNum or password was blank", "Error X-Data": ""}
{"Error Number": 5, "Time": 1457184825.705531, "Error Message": "Either the accountNum or password was blank", "Error X-Data": ""}
{"Error Number": 6, "Time": 1457184854.215643, "Error Message": "An invalid accountNum and password combination was provided", "Error X-Data": "24648422"}
{"Error Number": 1002, "Time": 1457184854.279731, "Error Message": "The account number provided could not be found", "Error X-Data": "110943822"}
{"Error Number": 6, "Time": 1457184854.352453, "Error Message": "An invalid accountNum and password combination was provided", "Error X-Data": "24648422"}
{"Error Number": 1002, "Time": 1457184854.436282, "Error Message": "The account number provided could not be found", "Error X-Data": "244218953"}
{"Error Number": 6, "Time": 1457184854.559773, "Error Message": "An invalid accountNum and password combination was provided", "Error X-Data": "24648422"}
{"Error Number": 1002, "Time": 1457184854.634918, "Error Message": "The account number provided could not be found", "Error X-Data": "347092855"}
{"Error Number": 6, "Time": 1457184854.716805, "Error Message": "An invalid accountNum and password combination was provided", "Error X-Data": "24648422"}
{"Error Number": 1002, "Time": 1457184854.79344, "Error Message": "The account number provided could not be found", "Error X-Data": "489927501"}
{"Error Number": 6, "Time": 1457184854.876159, "Error Message": "An invalid accountNum and password combination was provided", "Error X-Data": "24648422"}
{"Error Number": 1002, "Time": 1457184854.952298, "Error Message": "The account number provided could not be found", "Error X-Data": "521078562"}
{"Error Number": 6, "Time": 1457184855.061851, "Error Message": "An invalid accountNum and password combination was provided", "Error X-Data": "24648422"}
{"Error Number": 1002, "Time": 1457184855.143166, "Error Message": "The account number provided could not be found", "Error X-Data": "619371044"}
{"Error Number": 5, "Time": 1457184894.026695, "Error Message": "Either the accountNum or password was blank", "Error X-Data": ""}
{"Error Number": 5, "Time": 1457185009.726385, "Error Message": "Either the accountNum or password was blank", "Error X-Data": ""}
{"Error Number": 5, "Time": 1457185161.392166, "Error Message": "Either the accountNum or password was blank", "Error X-Data": ""}
{"Error Number": 5, "Time": 1457185215.461738, "Error Message": "Either the accountNum or password was blank", "Error X-Data": ""}
{"Error Number": 5, "Time": 1457185289.697755, "Error Message": "Either the accountNum or password was blank", "Error X-Data": ""}
{"Error Number": 5, "Time": 1457185352.696976, "Error Message": "Either the accountNum or password was blank", "Error X-Data": ""}
